--- Job Storage_dispatch_v22_1.gms Start 02/19/20 02:38:10 27.3.0 r58c491d WEX-WEI x86 64bit/MS Windows
--- GAMS Parameters defined
    Input C:\Users\jeichman\Documents\gamsdir\projdir\RODeO\Storage_dispatch_v22_1.gms
    PageSize 0
    ScrDir C:\Users\jeichman\Documents\gamsdir\projdir\RODeO\225f\
    SysDir C:\GAMS\win64\27.3\
    LogOption 3
    ErrMsg 1
    ErrorLog 99
    IDE 1
    LstTitleLeftAligned 1
GAMS 27.3.0   Copyright (C) 1987-2019 GAMS Development. All rights reserved
Licensee: Large MUD - 20 User License                    G180911:1426CO-GEN
          National Renewable Energy Laboratory (NREL), Strategic EnerDC3485
          License Admin: Kelly Eurek, kelly.eurek@nrel.gov                 
--- Starting compilation
--- Storage_dispatch_v22_1.gms(60) 2 Mb
--- call if not exist Projects\CEC_proposal_305\Output\nul mkdir Projects\CEC_proposal_305\Output
--- Storage_dispatch_v22_1.gms(400) 4 Mb
--- . Projects\CEC_proposal_305\Data_files\TXT_files\Tariff_files\5e1676e95457a3f87673e3b0_hourly.txt(25830) 5 Mb
--- . Projects\CEC_proposal_305\Data_files\TXT_files\Tariff_files\5e1676e95457a3f87673e3b0_hourly.txt(52691) 5 Mb
--- Storage_dispatch_v22_1.gms(488) 5 Mb
--- . Projects\CEC_proposal_305\Data_files\TXT_files\Devices_parameters_empty.csv(37) 5 Mb
--- Storage_dispatch_v22_1.gms(493) 5 Mb
--- . Projects\CEC_proposal_305\Data_files\TXT_files\Devices_ren_parameters_empty.csv(7) 5 Mb
--- Storage_dispatch_v22_1.gms(555) 5 Mb
--- call CSV2GDX Projects\CEC_proposal_305\Data_files\TXT_files\Energy_purchase_prices_Wholesale_MWh_hourly.csv Output=Projects\CEC_proposal_305\Data_files\TXT_files\Energy_purchase_prices_Wholesale_MWh_hourly.gdx ID=elec_purchase_price_interim UseHeader=
No errors, CSV2GDX time = 15ms
--- Storage_dispatch_v22_1.gms(556) 5 Mb
--- Storage_dispatch_v22_1.gms(557) 5 Mb

--- GDXin=C:\Users\jeichman\Documents\gamsdir\projdir\RODeO\Projects\CEC_proposal_305\Data_files\TXT_files\Energy_purchase_prices_Wholesale_MWh_hourly.gdx
--- Storage_dispatch_v22_1.gms(561) 5 Mb
--- call CSV2GDX Projects\CEC_proposal_305\Data_files\TXT_files\Energy_sale_prices_Wholesale_MWh_hourly.csv Output=Projects\CEC_proposal_305\Data_files\TXT_files\Energy_sale_prices_Wholesale_MWh_hourly.gdx ID=elec_sale_price_interim UseHeader=y Index=1 Va
No errors, CSV2GDX time = 16ms
--- Storage_dispatch_v22_1.gms(563) 5 Mb
--- GDXin=C:\Users\jeichman\Documents\gamsdir\projdir\RODeO\Projects\CEC_proposal_305\Data_files\TXT_files\Energy_sale_prices_Wholesale_MWh_hourly.gdx
--- Storage_dispatch_v22_1.gms(567) 5 Mb
--- call CSV2GDX Projects\CEC_proposal_305\Data_files\TXT_files\Product_price_Price1_hourly.csv Output=Projects\CEC_proposal_305\Data_files\TXT_files\Product_price_Price1_hourly.gdx ID=product_price2 UseHeader=y Index=1 Values=(2..LastCol)
No errors, CSV2GDX time = 63ms
--- Storage_dispatch_v22_1.gms(568) 5 Mb
--- Storage_dispatch_v22_1.gms(569) 5 Mb

--- GDXin=C:\Users\jeichman\Documents\gamsdir\projdir\RODeO\Projects\CEC_proposal_305\Data_files\TXT_files\Product_price_Price1_hourly.gdx
--- Storage_dispatch_v22_1.gms(573) 11 Mb
--- call CSV2GDX Projects\CEC_proposal_305\Data_files\TXT_files\Product_consumption\Product_consumption_ones_hourly.csv Output=Projects\CEC_proposal_305\Data_files\TXT_files\Product_consumption\Product_consumption_ones_hourly.gdx ID=product_consumed2 UseH
No errors, CSV2GDX time = 78ms
--- Storage_dispatch_v22_1.gms(574) 11 Mb
--- Storage_dispatch_v22_1.gms(575) 11 Mb

--- GDXin=C:\Users\jeichman\Documents\gamsdir\projdir\RODeO\Projects\CEC_proposal_305\Data_files\TXT_files\Product_consumption\Product_consumption_ones_hourly.gdx
--- Storage_dispatch_v22_1.gms(579) 17 Mb
--- call CSV2GDX Projects\CEC_proposal_305\Data_files\TXT_files\Input_power_baseload.csv Output=Projects\CEC_proposal_305\Data_files\TXT_files\Input_power_baseload.gdx ID=input_power_baseload UseHeader=y Index=1 Values=2
No errors, CSV2GDX time = 15ms
--- Storage_dispatch_v22_1.gms(581) 17 Mb
--- GDXin=C:\Users\jeichman\Documents\gamsdir\projdir\RODeO\Projects\CEC_proposal_305\Data_files\TXT_files\Input_power_baseload.gdx
--- Storage_dispatch_v22_1.gms(585) 17 Mb
--- call CSV2GDX Projects\CEC_proposal_305\Data_files\TXT_files\NG_price_Price1_hourly.csv Output=Projects\CEC_proposal_305\Data_files\TXT_files\NG_price_Price1_hourly.gdx ID=NG_price UseHeader=y Index=1 Values=2
No errors, CSV2GDX time = 16ms
--- Storage_dispatch_v22_1.gms(586) 17 Mb
--- Storage_dispatch_v22_1.gms(587) 17 Mb

--- GDXin=C:\Users\jeichman\Documents\gamsdir\projdir\RODeO\Projects\CEC_proposal_305\Data_files\TXT_files\NG_price_Price1_hourly.gdx
--- Storage_dispatch_v22_1.gms(591) 18 Mb
--- call CSV2GDX Projects\CEC_proposal_305\Data_files\TXT_files\Additional_load_BLDG_hourly.csv Output=Projects\CEC_proposal_305\Data_files\TXT_files\Additional_load_BLDG_hourly.gdx ID=Load_profile UseHeader=y Index=1 Values=2
No errors, CSV2GDX time = 16ms
--- Storage_dispatch_v22_1.gms(593) 18 Mb
--- GDXin=C:\Users\jeichman\Documents\gamsdir\projdir\RODeO\Projects\CEC_proposal_305\Data_files\TXT_files\Additional_load_BLDG_hourly.gdx
--- Storage_dispatch_v22_1.gms(597) 18 Mb
--- call CSV2GDX Projects\CEC_proposal_305\Data_files\TXT_files\renewable_profiles_PV_hourly.csv Output=Projects\CEC_proposal_305\Data_files\TXT_files\renewable_profiles_PV_hourly.gdx ID=renewable_signal2 UseHeader=y Index=1 Values=(2..LastCol)
No errors, CSV2GDX time = 31ms
--- Storage_dispatch_v22_1.gms(598) 18 Mb
--- Storage_dispatch_v22_1.gms(599) 18 Mb

--- GDXin=C:\Users\jeichman\Documents\gamsdir\projdir\RODeO\Projects\CEC_proposal_305\Data_files\TXT_files\renewable_profiles_PV_hourly.gdx
--- Storage_dispatch_v22_1.gms(603) 18 Mb
--- call CSV2GDX Projects\CEC_proposal_305\Data_files\TXT_files\NSCR.csv Output=Projects\CEC_proposal_305\Data_files\TXT_files\NSCR.gdx ID=NSCR UseHeader=y Index=1 Values=2
No errors, CSV2GDX time = 0ms
--- Storage_dispatch_v22_1.gms(605) 18 Mb
--- GDXin=C:\Users\jeichman\Documents\gamsdir\projdir\RODeO\Projects\CEC_proposal_305\Data_files\TXT_files\NSCR.gdx
--- Storage_dispatch_v22_1.gms(610) 18 Mb
--- call CSV2GDX Projects\CEC_proposal_305\Data_files\TXT_files\Input_cap\Max_input_cap_ones_hourly.csv Output=Projects\CEC_proposal_305\Data_files\TXT_files\Input_cap\Max_input_cap_ones_hourly.gdx ID=Max_input_cap2 UseHeader=y Index=1 Values=(2..LastCol)
No errors, CSV2GDX time = 63ms
--- Storage_dispatch_v22_1.gms(611) 18 Mb
--- Storage_dispatch_v22_1.gms(612) 18 Mb

--- GDXin=C:\Users\jeichman\Documents\gamsdir\projdir\RODeO\Projects\CEC_proposal_305\Data_files\TXT_files\Input_cap\Max_input_cap_ones_hourly.gdx
--- Storage_dispatch_v22_1.gms(613) 22 Mb
--- Storage_dispatch_v22_1.gms(616) 24 Mb

--- call CSV2GDX Projects\CEC_proposal_305\Data_files\TXT_files\Output_cap\Max_output_cap_ones_hourly.csv Output=Projects\CEC_proposal_305\Data_files\TXT_files\Output_cap\Max_output_cap_ones_hourly.gdx ID=Max_output_cap2 UseHeader=y Index=1 Values=(2..Las
No errors, CSV2GDX time = 734ms
--- Storage_dispatch_v22_1.gms(617) 24 Mb
--- Storage_dispatch_v22_1.gms(618) 24 Mb

--- GDXin=C:\Users\jeichman\Documents\gamsdir\projdir\RODeO\Projects\CEC_proposal_305\Data_files\TXT_files\Output_cap\Max_output_cap_ones_hourly.gdx
--- Storage_dispatch_v22_1.gms(619) 49 Mb
--- Storage_dispatch_v22_1.gms(623) 80 Mb

--- call CSV2GDX Projects\CEC_proposal_305\Data_files\TXT_files\Ancillary_services_PGE2017spin_hourly.csv Output=Projects\CEC_proposal_305\Data_files\TXT_files\Ancillary_services_PGE2017spin_hourly.gdx ID=regup_price_interim UseHeader=y Index=1 Values=2
No errors, CSV2GDX time = 16ms
--- Storage_dispatch_v22_1.gms(624) 80 Mb
--- Storage_dispatch_v22_1.gms(625) 80 Mb

--- GDXin=C:\Users\jeichman\Documents\gamsdir\projdir\RODeO\Projects\CEC_proposal_305\Data_files\TXT_files\Ancillary_services_PGE2017spin_hourly.gdx
--- Storage_dispatch_v22_1.gms(629) 80 Mb
--- call CSV2GDX Projects\CEC_proposal_305\Data_files\TXT_files\Ancillary_services_PGE2017spin_hourly.csv Output=Projects\CEC_proposal_305\Data_files\TXT_files\Ancillary_services_PGE2017spin_hourly.gdx ID=regdn_price_interim UseHeader=y Index=1 Values=3
No errors, CSV2GDX time = 0ms
--- Storage_dispatch_v22_1.gms(631) 80 Mb
--- GDXin=C:\Users\jeichman\Documents\gamsdir\projdir\RODeO\Projects\CEC_proposal_305\Data_files\TXT_files\Ancillary_services_PGE2017spin_hourly.gdx
--- Storage_dispatch_v22_1.gms(635) 80 Mb
--- call CSV2GDX Projects\CEC_proposal_305\Data_files\TXT_files\Ancillary_services_PGE2017spin_hourly.csv Output=Projects\CEC_proposal_305\Data_files\TXT_files\Ancillary_services_PGE2017spin_hourly.gdx ID=spinres_price_interim UseHeader=y Index=1 Values=4
No errors, CSV2GDX time = 15ms
--- Storage_dispatch_v22_1.gms(636) 80 Mb
--- Storage_dispatch_v22_1.gms(637) 80 Mb

--- GDXin=C:\Users\jeichman\Documents\gamsdir\projdir\RODeO\Projects\CEC_proposal_305\Data_files\TXT_files\Ancillary_services_PGE2017spin_hourly.gdx
--- Storage_dispatch_v22_1.gms(641) 81 Mb
--- call CSV2GDX Projects\CEC_proposal_305\Data_files\TXT_files\Ancillary_services_PGE2017spin_hourly.csv Output=Projects\CEC_proposal_305\Data_files\TXT_files\Ancillary_services_PGE2017spin_hourly.gdx ID=nonspinres_price_interim UseHeader=y Index=1 Value
No errors, CSV2GDX time = 16ms
--- Storage_dispatch_v22_1.gms(643) 81 Mb
--- GDXin=C:\Users\jeichman\Documents\gamsdir\projdir\RODeO\Projects\CEC_proposal_305\Data_files\TXT_files\Ancillary_services_PGE2017spin_hourly.gdx
--- Storage_dispatch_v22_1.gms(651) 81 Mb
--- call CSV2GDX Projects\CEC_proposal_305\Data_files\TXT_files\Compressors_cost.csv Output=Projects\CEC_proposal_305\Data_files\TXT_files\Compressors_cost.gdx ID=ProdComp_cap_cost_s UseHeader=y Index=1 Values=3
No errors, CSV2GDX time = 0ms
--- Storage_dispatch_v22_1.gms(652) 81 Mb
--- Storage_dispatch_v22_1.gms(653) 81 Mb

--- GDXin=C:\Users\jeichman\Documents\gamsdir\projdir\RODeO\Projects\CEC_proposal_305\Data_files\TXT_files\Compressors_cost.gdx
--- Storage_dispatch_v22_1.gms(657) 81 Mb
--- call CSV2GDX Projects\CEC_proposal_305\Data_files\TXT_files\Compressors_cost.csv Output=Projects\CEC_proposal_305\Data_files\TXT_files\Compressors_cost.gdx ID=input_sizes UseHeader=y Index=1 Values=2
No errors, CSV2GDX time = 0ms
--- Storage_dispatch_v22_1.gms(659) 81 Mb
--- GDXin=C:\Users\jeichman\Documents\gamsdir\projdir\RODeO\Projects\CEC_proposal_305\Data_files\TXT_files\Compressors_cost.gdx
--- Storage_dispatch_v22_1.gms(674) 81 Mb
--- call CSV2GDX Projects\CEC_proposal_305\Data_files\TXT_files\MACRS_depreciation_schedule.csv Output=Projects\CEC_proposal_305\Data_files\TXT_files\MACRS_depreciation_schedule.gdx ID=depreciation_schedule UseHeader=y Index=1 Values=2
No errors, CSV2GDX time = 0ms
--- Storage_dispatch_v22_1.gms(675) 81 Mb
--- Storage_dispatch_v22_1.gms(676) 81 Mb

--- GDXin=C:\Users\jeichman\Documents\gamsdir\projdir\RODeO\Projects\CEC_proposal_305\Data_files\TXT_files\MACRS_depreciation_schedule.gdx
--- Storage_dispatch_v22_1.gms(729) 81 Mb
--- call CSV2GDX Projects\CEC_proposal_305\Data_files\TXT_files\controller_input_values.csv Output=Projects\CEC_proposal_305\Data_files\TXT_files\controller_input_values.gdx ID=current_interval2 UseHeader=y Values=1
No errors, CSV2GDX time = 0ms
--- Storage_dispatch_v22_1.gms(731) 81 Mb
--- GDXin=C:\Users\jeichman\Documents\gamsdir\projdir\RODeO\Projects\CEC_proposal_305\Data_files\TXT_files\controller_input_values.gdx
--- Storage_dispatch_v22_1.gms(735) 81 Mb
--- call CSV2GDX Projects\CEC_proposal_305\Data_files\TXT_files\controller_input_values.csv Output=Projects\CEC_proposal_305\Data_files\TXT_files\controller_input_values.gdx ID=next_interval2 UseHeader=y Values=2
No errors, CSV2GDX time = 16ms
--- Storage_dispatch_v22_1.gms(736) 81 Mb
--- Storage_dispatch_v22_1.gms(737) 81 Mb

--- GDXin=C:\Users\jeichman\Documents\gamsdir\projdir\RODeO\Projects\CEC_proposal_305\Data_files\TXT_files\controller_input_values.gdx
--- Storage_dispatch_v22_1.gms(741) 81 Mb
--- call CSV2GDX Projects\CEC_proposal_305\Data_files\TXT_files\controller_input_values.csv Output=Projects\CEC_proposal_305\Data_files\TXT_files\controller_input_values.gdx ID=current_storage_lvl2 UseHeader=y Values=3
No errors, CSV2GDX time = 0ms
--- Storage_dispatch_v22_1.gms(743) 81 Mb
--- GDXin=C:\Users\jeichman\Documents\gamsdir\projdir\RODeO\Projects\CEC_proposal_305\Data_files\TXT_files\controller_input_values.gdx
--- Storage_dispatch_v22_1.gms(747) 81 Mb
--- call CSV2GDX Projects\CEC_proposal_305\Data_files\TXT_files\controller_input_values.csv Output=Projects\CEC_proposal_305\Data_files\TXT_files\controller_input_values.gdx ID=current_monthly_max2 UseHeader=y Values=4
No errors, CSV2GDX time = 16ms
--- Storage_dispatch_v22_1.gms(748) 81 Mb
--- Storage_dispatch_v22_1.gms(749) 81 Mb

--- GDXin=C:\Users\jeichman\Documents\gamsdir\projdir\RODeO\Projects\CEC_proposal_305\Data_files\TXT_files\controller_input_values.gdx
--- Storage_dispatch_v22_1.gms(753) 81 Mb
--- call CSV2GDX Projects\CEC_proposal_305\Data_files\TXT_files\controller_input_values.csv Output=Projects\CEC_proposal_305\Data_files\TXT_files\controller_input_values.gdx ID=max_interval2 UseHeader=y Values=5
No errors, CSV2GDX time = 0ms
--- Storage_dispatch_v22_1.gms(755) 81 Mb
--- GDXin=C:\Users\jeichman\Documents\gamsdir\projdir\RODeO\Projects\CEC_proposal_305\Data_files\TXT_files\controller_input_values.gdx
--- Storage_dispatch_v22_1.gms(769) 81 Mb
--- call rm -rf Projects\CEC_proposal_305\Data_files\TXT_files\*.gdx
--- Storage_dispatch_v22_1.gms(770) 81 Mb
--- call rm -rf Projects\CEC_proposal_305\Data_files\TXT_files\Product_consumption\*.gdx
--- Storage_dispatch_v22_1.gms(771) 81 Mb
--- call rm -rf Projects\CEC_proposal_305\Data_files\TXT_files\Input_cap\*.gdx
--- Storage_dispatch_v22_1.gms(772) 81 Mb
--- call rm -rf Projects\CEC_proposal_305\Data_files\TXT_files\Output_cap\*.gdx
--- Storage_dispatch_v22_1.gms(773) 81 Mb
--- Storage_dispatch_v22_1.gms(2925) 81 Mb

--- Starting execution: elapsed 0:00:05.563
--- Storage_dispatch_v22_1.gms(54388) 92 Mb
--- Storage_dispatch_v22_1.gms(54388) 106 Mb
--- Generating MIP model arbitrage_and_AS
--- Storage_dispatch_v22_1.gms(53978) 106 Mb
--- Storage_dispatch_v22_1.gms(54011) 114 Mb
--- Storage_dispatch_v22_1.gms(54047) 131 Mb
--- Storage_dispatch_v22_1.gms(54161) 135 Mb
--- Storage_dispatch_v22_1.gms(54198) 150 Mb
--- Storage_dispatch_v22_1.gms(54217) 153 Mb
--- Storage_dispatch_v22_1.gms(54281) 166 Mb
--- Storage_dispatch_v22_1.gms(54105) 167 Mb
--- Storage_dispatch_v22_1.gms(54622) 179 Mb
--- Storage_dispatch_v22_1.gms(54622) 181 Mb

--- LOOPS FOR/WHILE = 1
---   289,190 rows  289,205 columns  815,135 non-zeroes
---   35,055 discrete-columns
--- Executing CPLEX: elapsed 0:00:07.750

IBM ILOG CPLEX   27.3.0 r58c491d Released Jul 04, 2019 WEI x86 64bit/MS Window
--- GAMS/Cplex licensed for continuous and discrete problems.
Cplex 12.9.0.0

Reading parameter(s) from "C:\Users\jeichman\Documents\gamsdir\projdir\RODeO\cplex.opt"
>>  scaind 1
>>  lpmethod 4
>>  *CPXPARAM_Barrier_Limits_Iteration 100000000
>>  baritlim 100000000
Finished reading from "C:\Users\jeichman\Documents\gamsdir\projdir\RODeO\cplex.opt"
Reading data...
Starting Cplex...
Space for names approximately 20.04 Mb
Use option 'names no' to turn use of names off
CPXPARAM_Advance                                 0
CPXPARAM_Read_Scale                              1
CPXPARAM_LPMethod                                4
CPXPARAM_Threads                                 1
CPXPARAM_Parallel                                1
CPXPARAM_MIP_Display                             4
CPXPARAM_Barrier_Limits_Iteration                100000000
CPXPARAM_TimeLimit                               86400
CPXPARAM_Tune_TimeLimit                          17280
CPXPARAM_MIP_Tolerances_AbsMIPGap                0
CPXPARAM_WorkDir                                 "C:\Users\jeichman\Documents\gamsdir\projdir\RODeO\225f\"
Tried aggregator 3 times.
MIP Presolve eliminated 163169 rows and 162155 columns.
MIP Presolve modified 68 coefficients.
Aggregator did 39485 substitutions.
Reduced MIP has 86536 rows, 105085 columns, and 335191 nonzeros.
Reduced MIP has 8775 binaries, 0 generals, 0 SOSs, and 0 indicators.
Presolve time = 3.97 sec. (4624.87 ticks)
Found incumbent of value -6.3397743e+07 after 12.59 sec. (8619.74 ticks)
Probing fixed 0 vars, tightened 77652 bounds.
Probing time = 3.08 sec. (2913.11 ticks)
Tried aggregator 2 times.
MIP Presolve eliminated 20 rows and 22 columns.
MIP Presolve modified 56 coefficients.
Aggregator did 6 substitutions.
Reduced MIP has 86510 rows, 105057 columns, and 335078 nonzeros.
Reduced MIP has 8775 binaries, 0 generals, 0 SOSs, and 0 indicators.
Presolve time = 0.63 sec. (228.64 ticks)
Probing time = 0.05 sec. (19.64 ticks)
MIP emphasis: balance optimality and feasibility.
MIP search method: dynamic search.
Parallel mode: none, using 1 thread.
Initializing dual steep norms . . .

Iteration log . . .
Iteration:     1   Dual objective     =       7522048.263679
Perturbation started.
Iteration:   303   Dual objective     =       5197691.159481
Iteration:  1453   Dual objective     =       4783296.131807
Iteration:  2475   Dual objective     =       4601568.518655
Iteration:  3596   Dual objective     =       4598703.071389
Iteration:  4904   Dual objective     =       4458012.862933
Iteration:  6142   Dual objective     =       4327962.283771
Iteration:  7115   Dual objective     =       4234597.128256
Iteration:  8210   Dual objective     =       4203071.788341
Iteration:  9073   Dual objective     =       4127755.881037
Iteration:  9878   Dual objective     =       4033242.530948
Iteration: 10532   Dual objective     =       3932415.156418
Iteration: 11333   Dual objective     =       3799104.343364
Iteration: 11874   Dual objective     =       3754679.979674
Iteration: 13252   Dual objective     =       3592132.833516
Iteration: 13988   Dual objective     =       3493473.030070
Iteration: 14754   Dual objective     =       3411507.112844
Iteration: 15528   Dual objective     =       3356447.424489
Iteration: 16278   Dual objective     =       3353482.980980
Iteration: 17099   Dual objective     =       3328456.562664
Iteration: 18131   Dual objective     =       3273455.032414
Iteration: 19097   Dual objective     =       3235618.141934
Iteration: 19912   Dual objective     =       3198582.842068
Iteration: 20711   Dual objective     =       3166931.867041
Iteration: 21663   Dual objective     =       3142734.207449
Iteration: 22507   Dual objective     =       3077086.985270
Iteration: 23328   Dual objective     =       3015001.160051
Iteration: 24036   Dual objective     =       2982492.466593
Iteration: 24688   Dual objective     =       2942376.281831
Iteration: 25406   Dual objective     =       2898491.532445
Iteration: 25841   Dual objective     =       2876312.914488
Iteration: 26949   Dual objective     =       2822365.606105
Iteration: 27797   Dual objective     =       2806077.885652
Iteration: 28593   Dual objective     =       2800638.281009
Iteration: 29365   Dual objective     =       2798016.102954
Iteration: 30068   Dual objective     =       2793228.858772
Iteration: 30736   Dual objective     =       2783848.573827
Iteration: 31590   Dual objective     =       2778871.920807
Iteration: 32430   Dual objective     =       2774188.551772
Iteration: 33760   Dual objective     =       2757631.491743
Iteration: 34759   Dual objective     =       2744900.768598
Iteration: 35438   Dual objective     =       2736307.672782
Iteration: 35863   Dual objective     =       2730657.312361
Iteration: 36486   Dual objective     =       2721113.367175
Iteration: 36994   Dual objective     =       2715153.605395
Iteration: 37534   Dual objective     =       2703019.900690
Iteration: 38175   Dual objective     =       2687090.492910
Iteration: 38751   Dual objective     =       2673105.417933
Iteration: 39501   Dual objective     =       2659912.430579
Iteration: 40276   Dual objective     =       2646225.284825
Iteration: 40913   Dual objective     =       2624864.693915
Iteration: 41341   Dual objective     =       2608500.952869
Iteration: 41608   Dual objective     =       2599627.073938
Iteration: 42315   Dual objective     =       2585596.262668
Iteration: 43269   Dual objective     =       2563335.128414
Iteration: 44201   Dual objective     =       2553213.155883
Iteration: 44679   Dual objective     =       2549166.755947
Iteration: 44916   Dual objective     =       2544326.742563
Iteration: 45174   Dual objective     =       2538358.202470
Iteration: 45399   Dual objective     =       2533928.577584
Iteration: 46083   Dual objective     =       2527974.040777
Iteration: 46616   Dual objective     =       2523387.279138
Iteration: 47266   Dual objective     =       2519301.075101
Iteration: 47434   Dual objective     =       2516985.032038
Iteration: 47669   Dual objective     =       2514195.158992
Iteration: 47821   Dual objective     =       2512760.124671
Iteration: 48496   Dual objective     =       2504813.405001
Iteration: 48765   Dual objective     =       2500683.416911
Iteration: 49117   Dual objective     =       2495995.197617
Iteration: 49917   Dual objective     =       2487512.068894
Elapsed time = 29.84 sec. (10000.15 ticks, 50098 iterations)
Iteration: 50522   Dual objective     =       2484864.685848
Iteration: 50851   Dual objective     =       2483462.164476
Iteration: 51125   Dual objective     =       2481838.946028
Iteration: 51967   Dual objective     =       2478081.962373
Iteration: 52648   Dual objective     =       2476602.490520
Iteration: 52884   Dual objective     =       2476176.813705
Iteration: 53421   Dual objective     =       2475785.605951
Iteration: 53805   Dual objective     =       2475556.736657
Iteration: 53927   Dual objective     =       2475556.322635
Iteration: 54052   Dual objective     =       2475552.937507
Iteration: 54268   Dual objective     =       2475535.304524
Removing perturbation.

Iteration log . . .
Iteration:     1   Dual objective     =       2475531.163360
Root relaxation solution time = 39.50 sec. (13611.50 ticks)

        Nodes                                         Cuts/
   Node  Left     Objective  IInf  Best Integer    Best Bound    ItCnt     Gap

*     0+    0                      -6.33977e+07  7522048.2637           111.86%
Found incumbent of value -6.3397743e+07 after 58.69 sec. (29455.28 ticks)
      0     0  2475531.1634  3197  -6.33977e+07  2475531.1634    54372  103.90%
      0     0  2317505.0253   478  -6.33977e+07    Cuts: 8940    63042  103.66%
      0     0  2270711.5634     7  -6.33977e+07    Cuts: 1612    65068  103.58%
      0     0  2270711.5634     7  -6.33977e+07   Flowcuts: 1    65143  103.58%
Heuristic still looking.
Heuristic still looking.
      0     2  2270711.5634     7  -6.33977e+07  2270709.8907    65143  103.58%
Elapsed time = 183.03 sec. (121423.70 ticks, tree = 0.01 MB, solutions = 1)
      2     4  2270667.0339     6  -6.33977e+07  2270703.3924    65382  103.58%
      8    10  2270642.5447     5  -6.33977e+07  2270666.9586    65413  103.58%
     10    12  2270634.0616     5  -6.33977e+07  2270666.9586    65901  103.58%
     11    13  2270621.8321     5  -6.33977e+07  2270666.9586    66249  103.58%
     13    15  2270611.5635     5  -6.33977e+07  2270666.9586    66828  103.58%
     15    17  2270582.7056     5  -6.33977e+07  2270666.9586    67364  103.58%
     21    23  2270627.3530     4  -6.33977e+07  2270666.9586    67371  103.58%
     27    29  2270627.2152     4  -6.33977e+07  2270666.9586    67377  103.58%
     33    35  2270626.7219     4  -6.33977e+07  2270666.9586    67383  103.58%
     40    42  2270624.0652     4  -6.33977e+07  2270666.9586    67390  103.58%
Elapsed time = 202.55 sec. (134612.70 ticks, tree = 2.85 MB, solutions = 1)
     62    64  2270623.2953     4  -6.33977e+07  2270666.9586    67412  103.58%
     77    79  2270624.0702     4  -6.33977e+07  2270666.9586    67940  103.58%
     82    84  2270588.0441     4  -6.33977e+07  2270666.9586    69111  103.58%
     86    88  2270595.3077     4  -6.33977e+07  2270666.9586    70534  103.58%
     90    92  2270583.4027     4  -6.33977e+07  2270666.9586    71713  103.58%
     92    94  2270602.9211     4  -6.33977e+07  2270666.9586    72295  103.58%
     94    96  2270587.2657     4  -6.33977e+07  2270666.9586    72881  103.58%
     98   100  2270593.6647     4  -6.33977e+07  2270666.9586    74073  103.58%
    102   104  2270607.7101     4  -6.33977e+07  2270666.9586    75373  103.58%
    105   107  2270612.8577     3  -6.33977e+07  2270666.9586    75971  103.58%
Elapsed time = 217.36 sec. (147315.71 ticks, tree = 5.21 MB, solutions = 1)
    123   125  2270602.7017     3  -6.33977e+07  2270666.9586    76150  103.58%
    140   142  2270592.3831     4  -6.33977e+07  2270666.9586    76334  103.58%
    159   161  2270575.0106     4  -6.33977e+07  2270666.9586    76516  103.58%
    175   177  2270581.4295     4  -6.33977e+07  2270666.9586    76722  103.58%
    191   193  2270574.6862     4  -6.33977e+07  2270666.9586    76959  103.58%
    205   207  2270578.0534     4  -6.33977e+07  2270666.9586    77221  103.58%
    218   220  2270596.9696     3  -6.33977e+07  2270666.9586    77504  103.58%
    225   227  2270595.9349     3  -6.33977e+07  2270666.9586    78454  103.58%
    229   231  2270548.6322     3  -6.33977e+07  2270666.9586    80443  103.58%
    233   235  2270542.9693     3  -6.33977e+07  2270666.9586    82597  103.58%
Elapsed time = 231.23 sec. (158253.08 ticks, tree = 9.88 MB, solutions = 1)
    237   239  2270559.0316     3  -6.33977e+07  2270666.9586    84791  103.58%
    241   243  2270566.1012     3  -6.33977e+07  2270666.9586    87035  103.58%
    245   247  2270553.1094     3  -6.33977e+07  2270666.9586    89286  103.58%
    249   251  2270511.9199     3  -6.33977e+07  2270666.9586    91579  103.58%
    250   252  2270594.9438     3  -6.33977e+07  2270666.9586    91586  103.58%
    253   255  2270415.4926     3  -6.33977e+07  2270666.9586    93948  103.58%
    257   259  2270488.5082     3  -6.33977e+07  2270666.9586    96302  103.58%
    271   273  2270564.1214     4  -6.33977e+07  2270666.9586    96594  103.58%
    284   286  2270593.8852     3  -6.33977e+07  2270666.9586    96853  103.58%
    297   299  2270564.8955     4  -6.33977e+07  2270666.9586    97168  103.58%
Elapsed time = 252.23 sec. (175514.10 ticks, tree = 12.24 MB, solutions = 1)
    303   305  2270578.1849     3  -6.33977e+07  2270666.9586    98424  103.58%
    307   309  2270496.0126     3  -6.33977e+07  2270666.9586   100740  103.58%
    311   313  2270546.4064     3  -6.33977e+07  2270666.9586   103063  103.58%
    313   315  2270482.9317     3  -6.33977e+07  2270666.9586   104227  103.58%
    317   319  2270540.6913     3  -6.33977e+07  2270666.9586   106559  103.58%
    319   321  2270484.8441     3  -6.33977e+07  2270666.9586   107719  103.58%
    320   322  2270592.1554     3  -6.33977e+07  2270666.9586   107720  103.58%
    323   325  2270449.2096     3  -6.33977e+07  2270666.9586   110053  103.58%
    327   329  2270528.8443     3  -6.33977e+07  2270666.9586   112381  103.58%
    330   332  2270591.3260     3  -6.33977e+07  2270666.9586   113667  103.58%
Elapsed time = 280.45 sec. (197714.36 ticks, tree = 13.42 MB, solutions = 1)
    343   345  2270558.8160     4  -6.33977e+07  2270666.9586   113979  103.58%
    355   357  2270548.7629     4  -6.33977e+07  2270666.9586   114312  103.58%
    363   365  2270542.2658     4  -6.33977e+07  2270666.9586   114732  103.58%
    371   373  2270569.4703     4  -6.33977e+07  2270666.9586   115122  103.58%
    379   381  2270527.0567     4  -6.33977e+07  2270666.9586   115567  103.58%
    387   389  2270483.7094     4  -6.33977e+07  2270666.9586   116040  103.58%
    395   397  2270560.1573     4  -6.33977e+07  2270666.9586   116484  103.58%
    403   405  2270551.3585     4  -6.33977e+07  2270666.9586   116950  103.58%
    409   411  2270524.2893     4  -6.33977e+07  2270666.9586   117397  103.58%
    415   417  2270548.3457     4  -6.33977e+07  2270666.9586   117856  103.58%
Elapsed time = 295.61 sec. (207888.12 ticks, tree = 16.59 MB, solutions = 1)
    423   425  2270568.1406     4  -6.33977e+07  2270666.9586   118382  103.58%
    429   431  2270507.6295     4  -6.33977e+07  2270666.9586   118830  103.58%
    435   437  2270524.3962     4  -6.33977e+07  2270666.9586   119352  103.58%
    441   443  2270522.0641     4  -6.33977e+07  2270666.9586   119888  103.58%
    447   449  2270521.6016     4  -6.33977e+07  2270666.9586   120385  103.58%
    450   452  2270586.5071     3  -6.33977e+07  2270666.9586   120576  103.58%
    455   457  2270522.4389     4  -6.33977e+07  2270666.9586   121089  103.58%
    461   463  2270533.2420     4  -6.33977e+07  2270666.9586   121740  103.58%
    467   469  2270491.0375     4  -6.33977e+07  2270666.9586   122333  103.58%
    473   475  2270541.5994     4  -6.33977e+07  2270666.9586   122945  103.58%
Elapsed time = 317.05 sec. (222671.92 ticks, tree = 18.74 MB, solutions = 1)
    477   479  2270517.0530     4  -6.33977e+07  2270666.9586   123541  103.58%
    482   484  2270584.7634     3  -6.33977e+07  2270666.9586   124035  103.58%
    486   488  2270703.5958     7  -6.33977e+07  2270666.9586   174335  103.58%
    492   491  2270653.3822     5  -6.33977e+07  2270665.9472   174354  103.58%
    498   495  2270598.9548     3  -6.33977e+07  2270665.9472   174714  103.58%
    501   497  2270594.4389     3  -6.33977e+07  2270665.9472   175144  103.58%
    503   499  2270573.7148     3  -6.33977e+07  2270665.9472   175846  103.58%
    506   501  2270583.9070     3  -6.33977e+07  2270665.9472   176345  103.58%
    512   505  2270579.1167     3  -6.33977e+07  2270665.9472   176396  103.58%
    517   508  2270559.8113     3  -6.33977e+07  2270665.9472   177016  103.58%
Elapsed time = 472.39 sec. (318194.67 ticks, tree = 21.20 MB, solutions = 1)
    524   511  2270573.0498     2  -6.33977e+07  2270665.9472   177175  103.58%
    529   514  2270572.4978     2  -6.33977e+07  2270665.9472   177308  103.58%
    535   518  2270572.0627     2  -6.33977e+07  2270665.9472   177327  103.58%
    543   522  2270571.7435     1  -6.33977e+07  2270665.9472   177375  103.58%
    550   527  2270571.7422     1  -6.33977e+07  2270665.9472   177390  103.58%
    557   531  2270571.7406     1  -6.33977e+07  2270665.9472   177408  103.58%
    563   533  2270571.7386     1  -6.33977e+07  2270665.9472   177424  103.58%
    568   537  2270571.7358     1  -6.33977e+07  2270665.9472   177439  103.58%
    573   539  2270571.7350     1  -6.33977e+07  2270665.9472   177449  103.58%
    578   542  2270571.7334     1  -6.33977e+07  2270665.9472   177466  103.58%
Elapsed time = 489.81 sec. (329151.11 ticks, tree = 22.36 MB, solutions = 1)
    582   544  2270571.7327     1  -6.33977e+07  2270665.9472   177472  103.58%
    586   547  2270571.7315     1  -6.33977e+07  2270665.9472   177479  103.58%
    591   550  2270571.7305     1  -6.33977e+07  2270665.9472   177485  103.58%
    596   555  2270571.7296     1  -6.33977e+07  2270665.9472   177494  103.58%
    600   558  2270571.7275     1  -6.33977e+07  2270665.9472   177514  103.58%
    604   560  2270571.7267     1  -6.33977e+07  2270665.9472   177527  103.58%
    608   563  2270571.7260     1  -6.33977e+07  2270665.9472   177535  103.58%
    612   566  2270571.7253     1  -6.33977e+07  2270665.9472   177543  103.58%
    616   569  2270571.7230     1  -6.33977e+07  2270665.9472   177566  103.58%
    631   580  2270571.7161     1  -6.33977e+07  2270665.9472   177629  103.58%
Elapsed time = 511.95 sec. (342516.96 ticks, tree = 23.70 MB, solutions = 1)
    646   590  2270571.7114     1  -6.33977e+07  2270665.9472   177680  103.58%
    661   594  2270571.7065     1  -6.33977e+07  2270665.9472   177747  103.58%
    676   603  2270571.7001     1  -6.33977e+07  2270665.9472   177843  103.58%
    691   612  2270571.6961     1  -6.33977e+07  2270665.9472   177904  103.58%
    706   620  2270571.6895     1  -6.33977e+07  2270665.9472   177975  103.58%
    719   626  2270571.6834     1  -6.33977e+07  2270665.9472   178234  103.58%
    734   635  2270571.6798     1  -6.33977e+07  2270665.9472   178330  103.58%
    747   642  2270571.6709     1  -6.33977e+07  2270665.9472   178601  103.58%
    761   649  2270571.6647     1  -6.33977e+07  2270665.9472   178750  103.58%
    775   656  2270571.6568     1  -6.33977e+07  2270665.9472   178939  103.58%
Elapsed time = 574.58 sec. (382132.72 ticks, tree = 26.30 MB, solutions = 1)
    788   665  2270571.6507     1  -6.33977e+07  2270665.9472   179178  103.58%
    801   674  2270571.6408     1  -6.33977e+07  2270665.9472   179352  103.58%
    815   682  2270571.6288     1  -6.33977e+07  2270665.9472   179488  103.58%
    829   690  2270571.6179     1  -6.33977e+07  2270665.9472   179625  103.58%
    842   698  2270571.6072     1  -6.33977e+07  2270665.9472   179790  103.58%
    857   706  2270571.5945     1  -6.33977e+07  2270665.9472   179885  103.58%
    871   715  2270571.5776     1  -6.33977e+07  2270665.9472   179991  103.58%
    884   722  2270571.5596     1  -6.33977e+07  2270665.9472   180169  103.58%
    897   728  2270571.5494     1  -6.33977e+07  2270665.9472   180360  103.58%
    908   734  2270571.5364     1  -6.33977e+07  2270665.9472   180684  103.58%
Elapsed time = 632.42 sec. (421859.51 ticks, tree = 29.03 MB, solutions = 1)
    916   739  2270571.5279     1  -6.33977e+07  2270665.9472   180954  103.58%
    922   742  2270571.5127     1  -6.33977e+07  2270665.9472   181931  103.58%
    926   743  2270571.5040     1  -6.33977e+07  2270665.9472   183644  103.58%
*   936   379      integral     0  2270571.4911  2270665.9472   184106    0.00%
Found incumbent of value 2270571.491051 after 662.41 sec. (438694.25 ticks)

Implied bound cuts applied:  2050
Flow cuts applied:  553
Mixed integer rounding cuts applied:  84
Gomory fractional cuts applied:  18

Root node processing (before b&c):
  Real time             =  181.83 sec. (120031.33 ticks)
Sequential b&c:
  Real time             =  480.66 sec. (318683.49 ticks)
                          ------------
Total (root+branch&cut) =  662.48 sec. (438714.81 ticks)
MIP status(102): integer optimal, tolerance
Cplex Time: 662.48sec (det. 438715.69 ticks)
Fixing integer variables, and solving final LP...
CPXPARAM_Advance                                 2
CPXPARAM_Read_Scale                              1
CPXPARAM_LPMethod                                4
CPXPARAM_Threads                                 1
CPXPARAM_Parallel                                1
CPXPARAM_MIP_Display                             4
CPXPARAM_Barrier_Limits_Iteration                100000000
CPXPARAM_TimeLimit                               86400
CPXPARAM_Tune_TimeLimit                          17280
CPXPARAM_MIP_Tolerances_AbsMIPGap                0
CPXPARAM_WorkDir                                 "C:\Users\jeichman\Documents\gamsdir\projdir\RODeO\225f\"
Tried aggregator 1 time.
LP Presolve eliminated 202420 rows and 219036 columns.
Aggregator did 29392 substitutions.
Reduced LP has 57378 rows, 58297 columns, and 291425 nonzeros.
Presolve time = 0.86 sec. (336.50 ticks)
Parallel mode: none, using 1 thread for barrier

***NOTE: Found 30 dense columns.

Number of nonzeros in lower triangle of A*A' = 358588
Using Approximate Minimum Degree ordering
Total time for automatic ordering = 0.08 sec. (20.93 ticks)
Summary statistics for Cholesky factor:
  Rows in Factor            = 57408
  Integer space required    = 126026
  Total non-zeros in factor = 771652
  Total FP ops to factor    = 12143806
 Itn      Primal Obj        Dual Obj  Prim Inf Upper Inf  Dual Inf Inf Ratio
   0   2.7315009e+08   5.8396167e+09  2.23e+08  4.93e+07  8.97e+06  1.00e+00
   1   2.7218214e+08   5.1372387e+09  2.07e+08  4.58e+07  7.84e+06  7.72e-05
   2   2.6483921e+08   3.2891040e+09  1.19e+08  2.63e+07  4.87e+06  3.72e-05
   3   2.4232623e+08   1.1001093e+09  8.77e+07  1.94e+07  1.44e+06  2.60e-05
   4   8.7031006e+07   3.2835440e+08  1.96e+07  4.34e+06  3.90e+05  8.82e-05
   5   2.3251535e+07   1.6578289e+08  5.82e+06  1.29e+06  1.99e+05  1.61e-04
   6   5.0409566e+06   7.4843183e+07  1.42e+06  3.13e+05  9.04e+04  3.54e-04
   7   1.9505360e+06   2.6078838e+07  4.27e+05  9.44e+04  3.10e+04  1.17e-03
   8   1.5447711e+06   8.4177641e+06  1.99e+05  4.39e+04  9.01e+03  4.61e-03
   9   2.1874994e+06   5.1155989e+06  8.02e+04  1.77e+04  3.87e+03  1.06e-02
  10   2.1947954e+06   4.5849075e+06  6.43e+04  1.42e+04  3.16e+03  1.32e-02
  11   2.2087651e+06   3.7848887e+06  3.51e+04  7.77e+03  2.09e+03  2.09e-02
  12   2.2082455e+06   3.5661480e+06  2.33e+04  5.15e+03  1.80e+03  2.47e-02
  13   2.2286069e+06   3.1286515e+06  1.12e+04  2.49e+03  1.20e+03  3.76e-02
  14   2.2209442e+06   2.9816301e+06  8.41e+03  1.86e+03  1.01e+03  4.52e-02
  15   2.2190549e+06   2.8124187e+06  5.71e+03  1.26e+03  7.90e+02  5.94e-02
  16   2.2353050e+06   2.6477945e+06  2.97e+03  6.58e+02  5.57e+02  8.48e-02
  17   2.2436789e+06   2.4733085e+06  1.85e+03  4.10e+02  3.08e+02  1.61e-01
  18   2.2577350e+06   2.3808598e+06  8.25e+02  1.83e+02  1.69e+02  3.04e-01
  19   2.2611977e+06   2.3456001e+06  5.49e+02  1.22e+02  1.16e+02  4.56e-01
  20   2.2634582e+06   2.2830846e+06  3.63e+02  8.04e+01  2.27e+01  3.83e+00
  21   2.2687066e+06   2.2724042e+06  1.16e+02  2.57e+01  2.34e+00  3.79e+01
  22   2.2691437e+06   2.2719327e+06  9.93e+01  2.20e+01  7.59e-01  5.19e+01
  23   2.2703097e+06   2.2717169e+06  4.50e+01  9.97e+00  5.09e-01  5.42e+01
  24   2.2705527e+06   2.2717083e+06  3.55e+01  7.86e+00  4.92e-01  6.41e+01
  25   2.2705615e+06   2.2713749e+06  3.28e+01  7.26e+00  3.34e-01  8.59e+01
  26   2.2706233e+06   2.2713243e+06  2.55e+01  5.63e+00  3.03e-01  1.08e+02
  27   2.2705634e+06   2.2711973e+06  1.78e+01  3.93e+00  2.60e-01  1.13e+02
  28   2.2705843e+06   2.2706435e+06  1.90e+00  4.20e-01  2.41e-02  1.36e+03
  29   2.2705781e+06   2.2705807e+06  3.70e-01  8.19e-02  1.48e-03  2.04e+04
  30   2.2705775e+06   2.2705775e+06  1.52e-01  2.81e-02  1.65e-04  5.69e+04
  31   2.2705766e+06   2.2705761e+06  2.95e-01  2.12e-02  1.02e-04  7.21e+04
  32   2.2705759e+06   2.2705756e+06  3.74e-01  1.83e-02  9.45e-05  7.61e+04
  33   2.2705756e+06   2.2705755e+06  3.63e-01  1.78e-02  9.27e-05  7.71e+04
  34   2.2705757e+06   2.2705759e+06  4.16e-01  1.40e-02  2.29e-05  3.73e+05
  35   2.2705758e+06   2.2705759e+06  3.24e-01  8.47e-03  6.32e-06  2.10e+05
  36   2.2705756e+06   2.2705758e+06  8.59e-01  7.87e-03  6.06e-06  2.15e+05
  37   2.2705722e+06   2.2705729e+06  1.42e+00  7.81e-03  1.97e-05  2.11e+05
  38   2.2705722e+06   2.2705729e+06  1.41e+00  7.72e-03  1.87e-05  2.17e+05
  39   2.2705733e+06   2.2705740e+06  2.10e+00  3.36e-03  1.11e-04  5.49e+05
  40   2.2705740e+06   2.2705740e+06  6.95e-01  1.92e-04  8.40e-06  1.10e+07
  41   2.2705741e+06   2.2705741e+06  2.92e+00  2.39e-05  1.18e-06  2.18e+08
  42   2.2705741e+06   2.2705741e+06  4.97e-01  1.20e-06  1.33e-06  4.35e+09
Barrier time = 4.59 sec. (3074.64 ticks)

Primal crossover.
  Primal:  Fixing 5385 variables.
     5384 PMoves:  Infeasibility  1.27277689e-02  Objective  2.27057680e+06
     3082 PMoves:  Infeasibility  4.60766660e-03  Objective  2.27057680e+06
     2085 PMoves:  Infeasibility  3.94646979e-03  Objective  2.27057680e+06
     1636 PMoves:  Infeasibility  3.25185201e-03  Objective  2.27057680e+06
      780 PMoves:  Infeasibility  3.25185201e-03  Objective  2.27057680e+06
      296 PMoves:  Infeasibility  2.88659001e-03  Objective  2.27057680e+06
        0 PMoves:  Infeasibility  2.88659001e-03  Objective  2.27057680e+06
  Primal:  Pushed 2984, exchanged 2401.
  Dual:  Fixing 13856 variables.
    13855 DMoves:  Infeasibility  3.54575036e-10  Objective  2.27057680e+06
     2210 DMoves:  Infeasibility  1.20755672e-09  Objective  2.27057680e+06
     2148 DMoves:  Infeasibility  3.78175713e-10  Objective  2.27057680e+06
       12 DMoves:  Infeasibility  2.91862534e-10  Objective  2.27057680e+06
        0 DMoves:  Infeasibility  2.91862534e-10  Objective  2.27057680e+06
  Dual:  Pushed 11256, exchanged 2600.
Using devex.
Removing shift (2).

Iteration log . . .
Iteration:     1   Dual objective     =       2270574.135973
Iteration:    80   Dual objective     =       2270573.826109
Iteration:   414   Dual objective     =       2270573.586094
Iteration:   698   Dual objective     =       2270573.412357
Perturbation started.
Iteration:  1011   Dual objective     =       2270573.365760
Iteration:  1330   Dual objective     =       2270573.333679
Iteration:  1647   Dual objective     =       2270573.275298
Iteration:  1914   Dual objective     =       2270572.818466
Iteration:  2250   Dual objective     =       2270571.696878
Iteration:  2544   Dual objective     =       2270571.680561
Iteration:  2830   Dual objective     =       2270571.665118
Iteration:  3138   Dual objective     =       2270571.651533
Iteration:  3445   Dual objective     =       2270571.622336
Iteration:  3737   Dual objective     =       2270571.565237
Iteration:  4042   Dual objective     =       2270571.541724
Iteration:  4347   Dual objective     =       2270571.527220
Iteration:  4647   Dual objective     =       2270571.517518
Iteration:  4957   Dual objective     =       2270571.513322
Iteration:  5269   Dual objective     =       2270571.508996
Iteration:  5589   Dual objective     =       2270571.508650
Iteration:  5908   Dual objective     =       2270571.505751
Iteration:  6224   Dual objective     =       2270571.504670
Iteration:  6543   Dual objective     =       2270571.503588
Iteration:  6854   Dual objective     =       2270571.494979
Total crossover time = 8.34 sec. (6602.91 ticks)

Total time on 1 threads = 13.83 sec. (10024.89 ticks)
Fixed MIP status(1): optimal
Cplex Time: 13.83sec (det. 10024.89 ticks)

Solution satisfies tolerances.

MIP Solution:      2270571.491051    (184106 iterations, 937 nodes)
Final Solve:       2270571.490612    (6973 iterations)

Best possible:     2270665.947197
Absolute gap:           94.456146
Relative gap:            0.000042

--- Restarting execution
--- Storage_dispatch_v22_1.gms(54622) 116 Mb
--- Reading solution for model arbitrage_and_AS
--- Storage_dispatch_v22_1.gms(54622) 137 Mb
--- Executing after solve: elapsed 0:11:26.522
--- Storage_dispatch_v22_1.gms(54814) 137 Mb
--- Storage_dispatch_v22_1.gms(54842) 137 Mb
--- Storage_dispatch_v22_1.gms(55093) 137 Mb
--- Storage_dispatch_v22_1.gms(55216) 138 Mb
--- Storage_dispatch_v22_1.gms(55216) 138 Mb
--- Putfile input_echo_file C:\Users\jeichman\Documents\gamsdir\projdir\RODeO\Projects\CEC_proposal_305\Output\Storage_dispatch_inputs_Test_storage_with-import_no-sale_upd-ren_contrib_with-spinning_v1.csv
--- Putfile results_file C:\Users\jeichman\Documents\gamsdir\projdir\RODeO\Projects\CEC_proposal_305\Output\Storage_dispatch_results_Test_storage_with-import_no-sale_upd-ren_contrib_with-spinning_v1.csv
--- Putfile summary_file C:\Users\jeichman\Documents\gamsdir\projdir\RODeO\Projects\CEC_proposal_305\Output\Storage_dispatch_summary_Test_storage_with-import_no-sale_upd-ren_contrib_with-spinning_v1.csv
*** Status: Normal completion
--- Job Storage_dispatch_v22_1.gms Stop 02/19/20 02:49:37 elapsed 0:11:27.181
